/usr/local/lib/python3.10/site-packages/qntsim/library/network.py > Thread-1 (process_request_thread) : network . string_to_binary converted
/usr/local/lib/python3.10/site-packages/qntsim/library/network.py > Thread-1 (process_request_thread) : network . _initialize_photons Initialized 40 photons with initial states [3, 0, 2, 1, 1, 0, 1, 2, 2, 3, 0, 0, 1, 2, 0, 1, 1, 3, 0, 3, 0, 3, 1, 0, 3, 2, 1, 1, 1, 2, 2, 3, 3, 2, 1, 3, 1, 0, 1, 3]
/usr/local/lib/python3.10/site-packages/qntsim/library/protocol.py > Thread-1 (process_request_thread) : protocol . __call__ generated all networks
/usr/local/lib/python3.10/site-packages/qntsim/library/network.py > Thread-1 (process_request_thread) : network . encode message bits into qubits
/usr/local/lib/python3.10/site-packages/qntsim/library/network.py > Thread-1 (process_request_thread) : network . encode message bits into qubits
/usr/local/lib/python3.10/site-packages/qntsim/library/network.py > Thread-1 (process_request_thread) : network . decode messages
/usr/local/lib/python3.10/site-packages/qntsim/library/network.py > Thread-1 (process_request_thread) : network . _decode Received message 1: World
/usr/local/lib/python3.10/site-packages/qntsim/library/network.py > Thread-1 (process_request_thread) : network . _decode Received message 2: Hello
/usr/local/lib/python3.10/site-packages/qntsim/library/protocol.py > Thread-1 (process_request_thread) : protocol . __call__ completed execution within -1.679038e+18 ns
/usr/local/lib/python3.10/site-packages/qntsim/library/error_analyzer.py > Thread-1 (process_request_thread) : error_analyzer . _analyse Avg. err. for iteration 1: 0.0%
/usr/local/lib/python3.10/site-packages/qntsim/library/error_analyzer.py > Thread-1 (process_request_thread) : error_analyzer . _analyse Deviation in err. for iteration 1: 0.0
/usr/local/lib/python3.10/site-packages/qntsim/library/error_analyzer.py > Thread-1 (process_request_thread) : error_analyzer . _analyse Fidelity of the message retained: 100.0%
/usr/local/lib/python3.10/site-packages/qntsim/library/error_analyzer.py > Thread-1 (process_request_thread) : error_analyzer . _analyse 0.0% info leaked to the attacker.
/usr/local/lib/python3.10/site-packages/qntsim/library/network.py > Thread-1 (process_request_thread) : network . string_to_binary converted
/usr/local/lib/python3.10/site-packages/qntsim/library/network.py > Thread-1 (process_request_thread) : network . _initialize_photons Initialized 40 photons with initial states [0, 3, 0, 2, 3, 3, 1, 0, 1, 2, 1, 0, 3, 2, 2, 0, 1, 0, 2, 1, 0, 0, 1, 3, 0, 2, 1, 2, 3, 2, 1, 3, 0, 1, 1, 1, 0, 1, 1, 1]
/usr/local/lib/python3.10/site-packages/qntsim/library/protocol.py > Thread-1 (process_request_thread) : protocol . __call__ generated all networks
/usr/local/lib/python3.10/site-packages/qntsim/library/network.py > Thread-1 (process_request_thread) : network . encode message bits into qubits
/usr/local/lib/python3.10/site-packages/qntsim/library/network.py > Thread-1 (process_request_thread) : network . encode message bits into qubits
/usr/local/lib/python3.10/site-packages/qntsim/library/network.py > Thread-1 (process_request_thread) : network . encode message bits into qubits
/usr/local/lib/python3.10/site-packages/qntsim/library/network.py > Thread-1 (process_request_thread) : network . encode message bits into qubits
/usr/local/lib/python3.10/site-packages/qntsim/library/network.py > Thread-1 (process_request_thread) : network . decode messages
/usr/local/lib/python3.10/site-packages/qntsim/library/network.py > Thread-1 (process_request_thread) : network . _decode Received message 1: é¡<+ï
/usr/local/lib/python3.10/site-packages/qntsim/library/network.py > Thread-1 (process_request_thread) : network . _decode Received message 2: ö«"+ä
/usr/local/lib/python3.10/site-packages/qntsim/library/network.py > Thread-1 (process_request_thread) : network . _decode Received message 1: World
/usr/local/lib/python3.10/site-packages/qntsim/library/network.py > Thread-1 (process_request_thread) : network . _decode Received message 2: Hello
/usr/local/lib/python3.10/site-packages/qntsim/library/protocol.py > Thread-1 (process_request_thread) : protocol . __call__ completed execution within -1.679038e+18 ns
/usr/local/lib/python3.10/site-packages/qntsim/library/error_analyzer.py > Thread-1 (process_request_thread) : error_analyzer . _analyse Avg. err. for iteration 1: 57.49999999999999%
/usr/local/lib/python3.10/site-packages/qntsim/library/error_analyzer.py > Thread-1 (process_request_thread) : error_analyzer . _analyse Deviation in err. for iteration 1: 0.5006406152531231
/usr/local/lib/python3.10/site-packages/qntsim/library/error_analyzer.py > Thread-1 (process_request_thread) : error_analyzer . _analyse Fidelity of the message retained: 42.50000000000001%
/usr/local/lib/python3.10/site-packages/qntsim/library/error_analyzer.py > Thread-1 (process_request_thread) : error_analyzer . _analyse 0.0% info leaked to the attacker.
/usr/local/lib/python3.10/site-packages/qntsim/library/error_analyzer.py > Thread-1 (process_request_thread) : error_analyzer . _analyse Avg. err. for iteration 2: 0.0%
/usr/local/lib/python3.10/site-packages/qntsim/library/error_analyzer.py > Thread-1 (process_request_thread) : error_analyzer . _analyse Deviation in err. for iteration 2: 0.0
/usr/local/lib/python3.10/site-packages/qntsim/library/error_analyzer.py > Thread-1 (process_request_thread) : error_analyzer . _analyse Fidelity of the message retained: 100.0%
/usr/local/lib/python3.10/site-packages/qntsim/library/error_analyzer.py > Thread-1 (process_request_thread) : error_analyzer . _analyse 0.0% info leaked to the attacker.
/usr/local/lib/python3.10/site-packages/qntsim/library/network.py > Thread-1 (process_request_thread) : network . string_to_binary converted
/usr/local/lib/python3.10/site-packages/qntsim/library/network.py > Thread-1 (process_request_thread) : network . _initialize_photons Initialized 40 photons with initial states [2, 1, 3, 2, 2, 0, 3, 0, 0, 3, 2, 0, 0, 0, 3, 3, 2, 3, 2, 1, 0, 0, 1, 3, 3, 2, 3, 3, 1, 0, 1, 0, 0, 3, 1, 2, 1, 3, 0, 3]
/usr/local/lib/python3.10/site-packages/qntsim/library/protocol.py > Thread-1 (process_request_thread) : protocol . __call__ generated all networks
/usr/local/lib/python3.10/site-packages/qntsim/library/network.py > Thread-1 (process_request_thread) : network . encode message bits into qubits
/usr/local/lib/python3.10/site-packages/qntsim/library/network.py > Thread-1 (process_request_thread) : network . encode message bits into qubits
/usr/local/lib/python3.10/site-packages/qntsim/library/network.py > Thread-1 (process_request_thread) : network . encode message bits into qubits
/usr/local/lib/python3.10/site-packages/qntsim/library/network.py > Thread-1 (process_request_thread) : network . encode message bits into qubits
/usr/local/lib/python3.10/site-packages/qntsim/library/network.py > Thread-1 (process_request_thread) : network . encode message bits into qubits
/usr/local/lib/python3.10/site-packages/qntsim/library/network.py > Thread-1 (process_request_thread) : network . encode message bits into qubits
/usr/local/lib/python3.10/site-packages/qntsim/library/network.py > Thread-1 (process_request_thread) : network . decode messages
/usr/local/lib/python3.10/site-packages/qntsim/library/network.py > Thread-1 (process_request_thread) : network . _decode Received message 1: vï"¯ô
/usr/local/lib/python3.10/site-packages/qntsim/library/network.py > Thread-1 (process_request_thread) : network . _decode Received message 2: iå<¯ÿ
/usr/local/lib/python3.10/site-packages/qntsim/library/network.py > Thread-1 (process_request_thread) : network . _decode Received message 1: XiM`o
/usr/local/lib/python3.10/site-packages/qntsim/library/network.py > Thread-1 (process_request_thread) : network . _decode Received message 2: GcS`d
/usr/local/lib/python3.10/site-packages/qntsim/library/network.py > Thread-1 (process_request_thread) : network . _decode Received message 1: World
/usr/local/lib/python3.10/site-packages/qntsim/library/network.py > Thread-1 (process_request_thread) : network . _decode Received message 2: Hello
/usr/local/lib/python3.10/site-packages/qntsim/library/protocol.py > Thread-1 (process_request_thread) : protocol . __call__ completed execution within -1.679038e+18 ns
/usr/local/lib/python3.10/site-packages/qntsim/library/error_analyzer.py > Thread-1 (process_request_thread) : error_analyzer . _analyse Avg. err. for iteration 1: 27.500000000000004%
/usr/local/lib/python3.10/site-packages/qntsim/library/error_analyzer.py > Thread-1 (process_request_thread) : error_analyzer . _analyse Deviation in err. for iteration 1: 0.4522025867763026
/usr/local/lib/python3.10/site-packages/qntsim/library/error_analyzer.py > Thread-1 (process_request_thread) : error_analyzer . _analyse Fidelity of the message retained: 72.5%
/usr/local/lib/python3.10/site-packages/qntsim/library/error_analyzer.py > Thread-1 (process_request_thread) : error_analyzer . _analyse 0.0% info leaked to the attacker.
/usr/local/lib/python3.10/site-packages/qntsim/library/error_analyzer.py > Thread-1 (process_request_thread) : error_analyzer . _analyse Avg. err. for iteration 2: 42.5%
/usr/local/lib/python3.10/site-packages/qntsim/library/error_analyzer.py > Thread-1 (process_request_thread) : error_analyzer . _analyse Deviation in err. for iteration 2: 0.5006406152531231
/usr/local/lib/python3.10/site-packages/qntsim/library/error_analyzer.py > Thread-1 (process_request_thread) : error_analyzer . _analyse Fidelity of the message retained: 57.5%
/usr/local/lib/python3.10/site-packages/qntsim/library/error_analyzer.py > Thread-1 (process_request_thread) : error_analyzer . _analyse 0.0% info leaked to the attacker.
/usr/local/lib/python3.10/site-packages/qntsim/library/error_analyzer.py > Thread-1 (process_request_thread) : error_analyzer . _analyse Avg. err. for iteration 3: 0.0%
/usr/local/lib/python3.10/site-packages/qntsim/library/error_analyzer.py > Thread-1 (process_request_thread) : error_analyzer . _analyse Deviation in err. for iteration 3: 0.0
/usr/local/lib/python3.10/site-packages/qntsim/library/error_analyzer.py > Thread-1 (process_request_thread) : error_analyzer . _analyse Fidelity of the message retained: 100.0%
/usr/local/lib/python3.10/site-packages/qntsim/library/error_analyzer.py > Thread-1 (process_request_thread) : error_analyzer . _analyse 0.0% info leaked to the attacker.
/usr/local/lib/python3.10/site-packages/django/utils/autoreload.py > MainThread : autoreload . trigger_reload /code/web/main/simulator/topology_funcs.py changed, reloading.
